# JRE version: OpenJDK Runtime Environment (8.0_302-b07) (build 1.8.0_302-b07)
# Java VM: OpenJDK 64-Bit Server VM GraalVM CE 21.2.0 (25.302-b07-jvmci-21.2-b08 mixed mode linux-amd64 compressed oops)
Heap:
 PSYoungGen      total 116736K, used 17277K [0x00000000f5580000, 0x0000000100000000, 0x0000000100000000)
  eden space 58880K, 29% used [0x00000000f5580000,0x00000000f663f558,0x00000000f8f00000)
  from space 57856K, 0% used [0x00000000f8f00000,0x00000000f8f20000,0x00000000fc780000)
  to   space 57856K, 0% used [0x00000000fc780000,0x00000000fc780000,0x0000000100000000)
 ParOldGen       total 349696K, used 106311K [0x00000000e0000000, 0x00000000f5580000, 0x00000000f5580000)
  object space 349696K, 30% used [0x00000000e0000000,0x00000000e67d1e60,0x00000000f5580000)
 Metaspace       used 30290K, capacity 30736K, committed 31104K, reserved 1077248K
  class space    used 3419K, capacity 3585K, committed 3712K, reserved 1048576K
GC Heap History (10 events):
Event: 3485.630 GC heap before
{Heap before GC invocations=14 (full 1):
 PSYoungGen      total 116736K, used 59104K [0x00000000f5580000, 0x0000000100000000, 0x0000000100000000)
  eden space 58880K, 100% used [0x00000000f5580000,0x00000000f8f00000,0x00000000f8f00000)
  from space 57856K, 0% used [0x00000000fc780000,0x00000000fc7b8000,0x0000000100000000)
  to   space 57856K, 0% used [0x00000000f8f00000,0x00000000f8f00000,0x00000000fc780000)
 ParOldGen       total 349696K, used 106143K [0x00000000e0000000, 0x00000000f5580000, 0x00000000f5580000)
  object space 349696K, 30% used [0x00000000e0000000,0x00000000e67a7e60,0x00000000f5580000)
 Metaspace       used 30268K, capacity 30736K, committed 31104K, reserved 1077248K
  class space    used 3419K, capacity 3585K, committed 3712K, reserved 1048576K
Event: 3485.632 GC heap after
Heap after GC invocations=14 (full 1):
 PSYoungGen      total 116736K, used 128K [0x00000000f5580000, 0x0000000100000000, 0x0000000100000000)
  eden space 58880K, 0% used [0x00000000f5580000,0x00000000f5580000,0x00000000f8f00000)
  from space 57856K, 0% used [0x00000000f8f00000,0x00000000f8f20000,0x00000000fc780000)
  to   space 57856K, 0% used [0x00000000fc780000,0x00000000fc780000,0x0000000100000000)
 ParOldGen       total 349696K, used 106271K [0x00000000e0000000, 0x00000000f5580000, 0x00000000f5580000)
  object space 349696K, 30% used [0x00000000e0000000,0x00000000e67c7e60,0x00000000f5580000)
 Metaspace       used 30268K, capacity 30736K, committed 31104K, reserved 1077248K
  class space    used 3419K, capacity 3585K, committed 3712K, reserved 1048576K
}
Event: 3981.530 GC heap before
{Heap before GC invocations=15 (full 1):
 PSYoungGen      total 116736K, used 59008K [0x00000000f5580000, 0x0000000100000000, 0x0000000100000000)
  eden space 58880K, 100% used [0x00000000f5580000,0x00000000f8f00000,0x00000000f8f00000)
  from space 57856K, 0% used [0x00000000f8f00000,0x00000000f8f20000,0x00000000fc780000)
  to   space 57856K, 0% used [0x00000000fc780000,0x00000000fc780000,0x0000000100000000)
 ParOldGen       total 349696K, used 106271K [0x00000000e0000000, 0x00000000f5580000, 0x00000000f5580000)
  object space 349696K, 30% used [0x00000000e0000000,0x00000000e67c7e60,0x00000000f5580000)
 Metaspace       used 30279K, capacity 30736K, committed 31104K, reserved 1077248K
  class space    used 3419K, capacity 3585K, committed 3712K, reserved 1048576K
Event: 3981.533 GC heap after
Heap after GC invocations=15 (full 1):
 PSYoungGen      total 116736K, used 96K [0x00000000f5580000, 0x0000000100000000, 0x0000000100000000)
  eden space 58880K, 0% used [0x00000000f5580000,0x00000000f5580000,0x00000000f8f00000)
  from space 57856K, 0% used [0x00000000fc780000,0x00000000fc798000,0x0000000100000000)
  to   space 57856K, 0% used [0x00000000f8f00000,0x00000000f8f00000,0x00000000fc780000)
 ParOldGen       total 349696K, used 106279K [0x00000000e0000000, 0x00000000f5580000, 0x00000000f5580000)
  object space 349696K, 30% used [0x00000000e0000000,0x00000000e67c9e60,0x00000000f5580000)
 Metaspace       used 30279K, capacity 30736K, committed 31104K, reserved 1077248K
  class space    used 3419K, capacity 3585K, committed 3712K, reserved 1048576K
}
Event: 4515.630 GC heap before
{Heap before GC invocations=16 (full 1):
 PSYoungGen      total 116736K, used 58976K [0x00000000f5580000, 0x0000000100000000, 0x0000000100000000)
  eden space 58880K, 100% used [0x00000000f5580000,0x00000000f8f00000,0x00000000f8f00000)
  from space 57856K, 0% used [0x00000000fc780000,0x00000000fc798000,0x0000000100000000)
  to   space 57856K, 0% used [0x00000000f8f00000,0x00000000f8f00000,0x00000000fc780000)
 ParOldGen       total 349696K, used 106279K [0x00000000e0000000, 0x00000000f5580000, 0x00000000f5580000)
  object space 349696K, 30% used [0x00000000e0000000,0x00000000e67c9e60,0x00000000f5580000)
 Metaspace       used 30285K, capacity 30736K, committed 31104K, reserved 1077248K
  class space    used 3419K, capacity 3585K, committed 3712K, reserved 1048576K
Event: 4515.633 GC heap after
Heap after GC invocations=16 (full 1):
 PSYoungGen      total 116736K, used 128K [0x00000000f5580000, 0x0000000100000000, 0x0000000100000000)
  eden space 58880K, 0% used [0x00000000f5580000,0x00000000f5580000,0x00000000f8f00000)
  from space 57856K, 0% used [0x00000000f8f00000,0x00000000f8f20000,0x00000000fc780000)
  to   space 57856K, 0% used [0x00000000fc780000,0x00000000fc780000,0x0000000100000000)
 ParOldGen       total 349696K, used 106287K [0x00000000e0000000, 0x00000000f5580000, 0x00000000f5580000)
  object space 349696K, 30% used [0x00000000e0000000,0x00000000e67cbe60,0x00000000f5580000)
 Metaspace       used 30285K, capacity 30736K, committed 31104K, reserved 1077248K
  class space    used 3419K, capacity 3585K, committed 3712K, reserved 1048576K
}
Event: 5014.281 GC heap before
{Heap before GC invocations=17 (full 1):
 PSYoungGen      total 116736K, used 59008K [0x00000000f5580000, 0x0000000100000000, 0x0000000100000000)
  eden space 58880K, 100% used [0x00000000f5580000,0x00000000f8f00000,0x00000000f8f00000)
  from space 57856K, 0% used [0x00000000f8f00000,0x00000000f8f20000,0x00000000fc780000)
  to   space 57856K, 0% used [0x00000000fc780000,0x00000000fc780000,0x0000000100000000)
 ParOldGen       total 349696K, used 106287K [0x00000000e0000000, 0x00000000f5580000, 0x00000000f5580000)
  object space 349696K, 30% used [0x00000000e0000000,0x00000000e67cbe60,0x00000000f5580000)
 Metaspace       used 30288K, capacity 30736K, committed 31104K, reserved 1077248K
  class space    used 3419K, capacity 3585K, committed 3712K, reserved 1048576K
Event: 5014.284 GC heap after
Heap after GC invocations=17 (full 1):
 PSYoungGen      total 116736K, used 96K [0x00000000f5580000, 0x0000000100000000, 0x0000000100000000)
  eden space 58880K, 0% used [0x00000000f5580000,0x00000000f5580000,0x00000000f8f00000)
  from space 57856K, 0% used [0x00000000fc780000,0x00000000fc798000,0x0000000100000000)
  to   space 57856K, 0% used [0x00000000f8f00000,0x00000000f8f00000,0x00000000fc780000)
 ParOldGen       total 349696K, used 106295K [0x00000000e0000000, 0x00000000f5580000, 0x00000000f5580000)
  object space 349696K, 30% used [0x00000000e0000000,0x00000000e67cde60,0x00000000f5580000)
 Metaspace       used 30288K, capacity 30736K, committed 31104K, reserved 1077248K
  class space    used 3419K, capacity 3585K, committed 3712K, reserved 1048576K
}
Event: 5510.979 GC heap before
{Heap before GC invocations=18 (full 1):
 PSYoungGen      total 116736K, used 58976K [0x00000000f5580000, 0x0000000100000000, 0x0000000100000000)
  eden space 58880K, 100% used [0x00000000f5580000,0x00000000f8f00000,0x00000000f8f00000)
  from space 57856K, 0% used [0x00000000fc780000,0x00000000fc798000,0x0000000100000000)
  to   space 57856K, 0% used [0x00000000f8f00000,0x00000000f8f00000,0x00000000fc780000)
 ParOldGen       total 349696K, used 106295K [0x00000000e0000000, 0x00000000f5580000, 0x00000000f5580000)
  object space 349696K, 30% used [0x00000000e0000000,0x00000000e67cde60,0x00000000f5580000)
 Metaspace       used 30290K, capacity 30736K, committed 31104K, reserved 1077248K
  class space    used 3419K, capacity 3585K, committed 3712K, reserved 1048576K
Event: 5510.983 GC heap after
Heap after GC invocations=18 (full 1):
 PSYoungGen      total 116736K, used 128K [0x00000000f5580000, 0x0000000100000000, 0x0000000100000000)
  eden space 58880K, 0% used [0x00000000f5580000,0x00000000f5580000,0x00000000f8f00000)
  from space 57856K, 0% used [0x00000000f8f00000,0x00000000f8f20000,0x00000000fc780000)
  to   space 57856K, 0% used [0x00000000fc780000,0x00000000fc780000,0x0000000100000000)
 ParOldGen       total 349696K, used 106311K [0x00000000e0000000, 0x00000000f5580000, 0x00000000f5580000)
  object space 349696K, 30% used [0x00000000e0000000,0x00000000e67d1e60,0x00000000f5580000)
 Metaspace       used 30290K, capacity 30736K, committed 31104K, reserved 1077248K
  class space    used 3419K, capacity 3585K, committed 3712K, reserved 1048576K
}

