# JRE version: OpenJDK Runtime Environment (8.0_302-b07) (build 1.8.0_302-b07)
# Java VM: OpenJDK 64-Bit Server VM GraalVM CE 21.2.0 (25.302-b07-jvmci-21.2-b08 mixed mode linux-amd64 compressed oops)
Heap:
 PSYoungGen      total 153088K, used 100291K [0x00000000f5580000, 0x0000000100000000, 0x0000000100000000)
  eden space 130048K, 76% used [0x00000000f5580000,0x00000000fb67da00,0x00000000fd480000)
  from space 23040K, 4% used [0x00000000fe980000,0x00000000fea732c8,0x0000000100000000)
  to   space 21504K, 0% used [0x00000000fd480000,0x00000000fd480000,0x00000000fe980000)
 ParOldGen       total 349696K, used 105225K [0x00000000e0000000, 0x00000000f5580000, 0x00000000f5580000)
  object space 349696K, 30% used [0x00000000e0000000,0x00000000e66c2688,0x00000000f5580000)
 Metaspace       used 30484K, capacity 31080K, committed 31360K, reserved 1077248K
  class space    used 3423K, capacity 3589K, committed 3712K, reserved 1048576K
GC Heap History (10 events):
Event: 11683.327 GC heap before
{Heap before GC invocations=29 (full 1):
 PSYoungGen      total 138240K, used 108944K [0x00000000f5580000, 0x0000000100000000, 0x0000000100000000)
  eden space 104448K, 100% used [0x00000000f5580000,0x00000000fbb80000,0x00000000fbb80000)
  from space 33792K, 13% used [0x00000000fbb80000,0x00000000fbfe42c0,0x00000000fdc80000)
  to   space 31232K, 0% used [0x00000000fe180000,0x00000000fe180000,0x0000000100000000)
 ParOldGen       total 349696K, used 105201K [0x00000000e0000000, 0x00000000f5580000, 0x00000000f5580000)
  object space 349696K, 30% used [0x00000000e0000000,0x00000000e66bc688,0x00000000f5580000)
 Metaspace       used 30267K, capacity 30774K, committed 30976K, reserved 1077248K
  class space    used 3413K, capacity 3554K, committed 3584K, reserved 1048576K
Event: 11683.342 GC heap after
Heap after GC invocations=29 (full 1):
 PSYoungGen      total 145920K, used 1608K [0x00000000f5580000, 0x0000000100000000, 0x0000000100000000)
  eden space 114688K, 0% used [0x00000000f5580000,0x00000000f5580000,0x00000000fc580000)
  from space 31232K, 5% used [0x00000000fe180000,0x00000000fe312390,0x0000000100000000)
  to   space 28672K, 0% used [0x00000000fc580000,0x00000000fc580000,0x00000000fe180000)
 ParOldGen       total 349696K, used 105209K [0x00000000e0000000, 0x00000000f5580000, 0x00000000f5580000)
  object space 349696K, 30% used [0x00000000e0000000,0x00000000e66be688,0x00000000f5580000)
 Metaspace       used 30267K, capacity 30774K, committed 30976K, reserved 1077248K
  class space    used 3413K, capacity 3554K, committed 3584K, reserved 1048576K
}
Event: 11797.672 GC heap before
{Heap before GC invocations=30 (full 1):
 PSYoungGen      total 145920K, used 116296K [0x00000000f5580000, 0x0000000100000000, 0x0000000100000000)
  eden space 114688K, 100% used [0x00000000f5580000,0x00000000fc580000,0x00000000fc580000)
  from space 31232K, 5% used [0x00000000fe180000,0x00000000fe312390,0x0000000100000000)
  to   space 28672K, 0% used [0x00000000fc580000,0x00000000fc580000,0x00000000fe180000)
 ParOldGen       total 349696K, used 105209K [0x00000000e0000000, 0x00000000f5580000, 0x00000000f5580000)
  object space 349696K, 30% used [0x00000000e0000000,0x00000000e66be688,0x00000000f5580000)
 Metaspace       used 30307K, capacity 30818K, committed 31104K, reserved 1077248K
  class space    used 3417K, capacity 3588K, committed 3712K, reserved 1048576K
Event: 11797.693 GC heap after
Heap after GC invocations=30 (full 1):
 PSYoungGen      total 143360K, used 1325K [0x00000000f5580000, 0x0000000100000000, 0x0000000100000000)
  eden space 114688K, 0% used [0x00000000f5580000,0x00000000f5580000,0x00000000fc580000)
  from space 28672K, 4% used [0x00000000fc580000,0x00000000fc6cb5c8,0x00000000fe180000)
  to   space 26624K, 0% used [0x00000000fe600000,0x00000000fe600000,0x0000000100000000)
 ParOldGen       total 349696K, used 105217K [0x00000000e0000000, 0x00000000f5580000, 0x00000000f5580000)
  object space 349696K, 30% used [0x00000000e0000000,0x00000000e66c0688,0x00000000f5580000)
 Metaspace       used 30307K, capacity 30818K, committed 31104K, reserved 1077248K
  class space    used 3417K, capacity 3588K, committed 3712K, reserved 1048576K
}
Event: 12386.072 GC heap before
{Heap before GC invocations=31 (full 1):
 PSYoungGen      total 143360K, used 116013K [0x00000000f5580000, 0x0000000100000000, 0x0000000100000000)
  eden space 114688K, 100% used [0x00000000f5580000,0x00000000fc580000,0x00000000fc580000)
  from space 28672K, 4% used [0x00000000fc580000,0x00000000fc6cb5c8,0x00000000fe180000)
  to   space 26624K, 0% used [0x00000000fe600000,0x00000000fe600000,0x0000000100000000)
 ParOldGen       total 349696K, used 105217K [0x00000000e0000000, 0x00000000f5580000, 0x00000000f5580000)
  object space 349696K, 30% used [0x00000000e0000000,0x00000000e66c0688,0x00000000f5580000)
 Metaspace       used 30322K, capacity 30818K, committed 31104K, reserved 1077248K
  class space    used 3417K, capacity 3588K, committed 3712K, reserved 1048576K
Event: 12386.102 GC heap after
Heap after GC invocations=31 (full 1):
 PSYoungGen      total 149504K, used 1084K [0x00000000f5580000, 0x0000000100000000, 0x0000000100000000)
  eden space 122880K, 0% used [0x00000000f5580000,0x00000000f5580000,0x00000000fcd80000)
  from space 26624K, 4% used [0x00000000fe600000,0x00000000fe70f020,0x0000000100000000)
  to   space 25088K, 0% used [0x00000000fcd80000,0x00000000fcd80000,0x00000000fe600000)
 ParOldGen       total 349696K, used 105225K [0x00000000e0000000, 0x00000000f5580000, 0x00000000f5580000)
  object space 349696K, 30% used [0x00000000e0000000,0x00000000e66c2688,0x00000000f5580000)
 Metaspace       used 30322K, capacity 30818K, committed 31104K, reserved 1077248K
  class space    used 3417K, capacity 3588K, committed 3712K, reserved 1048576K
}
Event: 13139.279 GC heap before
{Heap before GC invocations=32 (full 1):
 PSYoungGen      total 149504K, used 123964K [0x00000000f5580000, 0x0000000100000000, 0x0000000100000000)
  eden space 122880K, 100% used [0x00000000f5580000,0x00000000fcd80000,0x00000000fcd80000)
  from space 26624K, 4% used [0x00000000fe600000,0x00000000fe70f020,0x0000000100000000)
  to   space 25088K, 0% used [0x00000000fcd80000,0x00000000fcd80000,0x00000000fe600000)
 ParOldGen       total 349696K, used 105225K [0x00000000e0000000, 0x00000000f5580000, 0x00000000f5580000)
  object space 349696K, 30% used [0x00000000e0000000,0x00000000e66c2688,0x00000000f5580000)
 Metaspace       used 30401K, capacity 31010K, committed 31360K, reserved 1077248K
  class space    used 3422K, capacity 3588K, committed 3712K, reserved 1048576K
Event: 13139.326 GC heap after
Heap after GC invocations=32 (full 1):
 PSYoungGen      total 147968K, used 1164K [0x00000000f5580000, 0x0000000100000000, 0x0000000100000000)
  eden space 122880K, 0% used [0x00000000f5580000,0x00000000f5580000,0x00000000fcd80000)
  from space 25088K, 4% used [0x00000000fcd80000,0x00000000fcea32c8,0x00000000fe600000)
  to   space 23040K, 0% used [0x00000000fe980000,0x00000000fe980000,0x0000000100000000)
 ParOldGen       total 349696K, used 105225K [0x00000000e0000000, 0x00000000f5580000, 0x00000000f5580000)
  object space 349696K, 30% used [0x00000000e0000000,0x00000000e66c2688,0x00000000f5580000)
 Metaspace       used 30401K, capacity 31010K, committed 31360K, reserved 1077248K
  class space    used 3422K, capacity 3588K, committed 3712K, reserved 1048576K
}
Event: 13749.881 GC heap before
{Heap before GC invocations=33 (full 1):
 PSYoungGen      total 147968K, used 124044K [0x00000000f5580000, 0x0000000100000000, 0x0000000100000000)
  eden space 122880K, 100% used [0x00000000f5580000,0x00000000fcd80000,0x00000000fcd80000)
  from space 25088K, 4% used [0x00000000fcd80000,0x00000000fcea32c8,0x00000000fe600000)
  to   space 23040K, 0% used [0x00000000fe980000,0x00000000fe980000,0x0000000100000000)
 ParOldGen       total 349696K, used 105225K [0x00000000e0000000, 0x00000000f5580000, 0x00000000f5580000)
  object space 349696K, 30% used [0x00000000e0000000,0x00000000e66c2688,0x00000000f5580000)
 Metaspace       used 30439K, capacity 31010K, committed 31360K, reserved 1077248K
  class space    used 3422K, capacity 3588K, committed 3712K, reserved 1048576K
Event: 13749.921 GC heap after
Heap after GC invocations=33 (full 1):
 PSYoungGen      total 153088K, used 972K [0x00000000f5580000, 0x0000000100000000, 0x0000000100000000)
  eden space 130048K, 0% used [0x00000000f5580000,0x00000000f5580000,0x00000000fd480000)
  from space 23040K, 4% used [0x00000000fe980000,0x00000000fea732c8,0x0000000100000000)
  to   space 21504K, 0% used [0x00000000fd480000,0x00000000fd480000,0x00000000fe980000)
 ParOldGen       total 349696K, used 105225K [0x00000000e0000000, 0x00000000f5580000, 0x00000000f5580000)
  object space 349696K, 30% used [0x00000000e0000000,0x00000000e66c2688,0x00000000f5580000)
 Metaspace       used 30439K, capacity 31010K, committed 31360K, reserved 1077248K
  class space    used 3422K, capacity 3588K, committed 3712K, reserved 1048576K
}

